<?xml version="1.0" encoding="UTF-8"?>
<!-- Generated by org.testng.reporters.JUnitReportReporter -->
<testsuite hostname="DESKTOP-D66JPRE" failures="0" tests="1" name="testclass" time="0.122" errors="0" timestamp="2023-04-20T15:30:23 IST" skipped="0">
  <testcase classname="testclass" name="foo" time="0.122"/>
  <system-out/>
</testsuite> <!-- testclass -->
